<?xml version="1.0" encoding="UTF-8"?>
<testng-results skipped="0" failed="0" total="1" passed="1">
  <reporter-output>
  </reporter-output>
  <suite name="Default suite" duration-ms="732" started-at="2015-12-15T19:59:58Z" finished-at="2015-12-15T19:59:58Z">
    <groups>
    </groups>
    <test name="Default test" duration-ms="732" started-at="2015-12-15T19:59:58Z" finished-at="2015-12-15T19:59:58Z">
      <class name="com.qa.service.SoundApiTests">
        <test-method status="PASS" signature="negativeTestSoundApi(java.lang.String, java.lang.String, java.lang.String, java.lang.String, java.lang.String)[pri:0, instance:com.qa.service.SoundApiTests@7d0587f1]" name="negativeTestSoundApi" duration-ms="721" started-at="2015-12-15T11:59:58Z" data-provider="negativeTests" finished-at="2015-12-15T11:59:58Z">
          <params>
            <param index="0">
              <value>
                <![CDATA[xyz]]>
              </value>
            </param>
            <param index="1">
              <value>
                <![CDATA[5]]>
              </value>
            </param>
            <param index="2">
              <value>
                <![CDATA[]]>
              </value>
            </param>
            <param index="3">
              <value>
                <![CDATA[<h1>API_KEY_INVALID</h1>]]>
              </value>
            </param>
            <param index="4">
              <value>
                <![CDATA[<p>An invalid api_key was supplied. Get one at https://api.nasa.gov</p>]]>
              </value>
            </param>
          </params>
          <reporter-output>
          </reporter-output>
        </test-method> <!-- negativeTestSoundApi -->
        <test-method status="PASS" signature="cleanUp()[pri:0, instance:com.qa.service.SoundApiTests@7d0587f1]" name="cleanUp" is-config="true" duration-ms="1" started-at="2015-12-15T11:59:58Z" finished-at="2015-12-15T11:59:58Z">
          <reporter-output>
          </reporter-output>
        </test-method> <!-- cleanUp -->
      </class> <!-- com.qa.service.SoundApiTests -->
    </test> <!-- Default test -->
  </suite> <!-- Default suite -->
</testng-results>
